#! /usr/bin/vvp
:ivl_version "12.0 (stable)";
:ivl_delay_selection "TYPICAL";
:vpi_time_precision - 12;
:vpi_module "/usr/lib64/ivl/system.vpi";
:vpi_module "/usr/lib64/ivl/vhdl_sys.vpi";
:vpi_module "/usr/lib64/ivl/vhdl_textio.vpi";
:vpi_module "/usr/lib64/ivl/v2005_math.vpi";
:vpi_module "/usr/lib64/ivl/va_math.vpi";
S_0x5608b725fdd0 .scope module, "regfile32_tb" "regfile32_tb" 2 23;
 .timescale -9 -12;
v0x5608b727a920_0 .net "busa", 31 0, L_0x5608b72844e0;  1 drivers
v0x5608b727aa00_0 .net "busb", 31 0, L_0x5608b7284870;  1 drivers
v0x5608b727aaa0_0 .var "busw", 31 0;
v0x5608b727ab40_0 .var "clk", 0 0;
v0x5608b727abe0_0 .var/i "errors", 31 0;
v0x5608b727ac80_0 .var/i "i", 31 0;
v0x5608b727ad40_0 .var "ra", 4 0;
v0x5608b727ae00_0 .var "rb", 4 0;
v0x5608b727aea0_0 .var "rw", 4 0;
v0x5608b727af40_0 .var "we", 0 0;
S_0x5608b725d190 .scope module, "d_register_inst" "regfile32" 2 30, 3 22 0, S_0x5608b725fdd0;
 .timescale -9 -12;
    .port_info 0 /OUTPUT 32 "busa";
    .port_info 1 /OUTPUT 32 "busb";
    .port_info 2 /INPUT 32 "busw";
    .port_info 3 /INPUT 5 "ra";
    .port_info 4 /INPUT 5 "rb";
    .port_info 5 /INPUT 5 "rw";
    .port_info 6 /INPUT 1 "clk";
    .port_info 7 /INPUT 1 "we";
L_0x5608b72844e0 .functor BUFZ 32, L_0x5608b72842a0, C4<00000000000000000000000000000000>, C4<00000000000000000000000000000000>, C4<00000000000000000000000000000000>;
L_0x5608b7284870 .functor BUFZ 32, L_0x5608b7284610, C4<00000000000000000000000000000000>, C4<00000000000000000000000000000000>, C4<00000000000000000000000000000000>;
v0x5608b7261300 .array "GPR_OUTPUT", 31 0;
v0x5608b7261300_0 .net v0x5608b7261300 0, 31 0, L_0x5608b7261270; 1 drivers
v0x5608b7261300_1 .net v0x5608b7261300 1, 31 0, L_0x5608b7260450; 1 drivers
v0x5608b7261300_2 .net v0x5608b7261300 2, 31 0, L_0x5608b7282a40; 1 drivers
v0x5608b7261300_3 .net v0x5608b7261300 3, 31 0, L_0x5608b7282b10; 1 drivers
v0x5608b7261300_4 .net v0x5608b7261300 4, 31 0, L_0x5608b7282be0; 1 drivers
v0x5608b7261300_5 .net v0x5608b7261300 5, 31 0, L_0x5608b7282cb0; 1 drivers
v0x5608b7261300_6 .net v0x5608b7261300 6, 31 0, L_0x5608b7282d80; 1 drivers
v0x5608b7261300_7 .net v0x5608b7261300 7, 31 0, L_0x5608b7282e50; 1 drivers
v0x5608b7261300_8 .net v0x5608b7261300 8, 31 0, L_0x5608b7282f20; 1 drivers
v0x5608b7261300_9 .net v0x5608b7261300 9, 31 0, L_0x5608b7282ff0; 1 drivers
v0x5608b7261300_10 .net v0x5608b7261300 10, 31 0, L_0x5608b72830c0; 1 drivers
v0x5608b7261300_11 .net v0x5608b7261300 11, 31 0, L_0x5608b7283190; 1 drivers
v0x5608b7261300_12 .net v0x5608b7261300 12, 31 0, L_0x5608b7283260; 1 drivers
v0x5608b7261300_13 .net v0x5608b7261300 13, 31 0, L_0x5608b7283330; 1 drivers
v0x5608b7261300_14 .net v0x5608b7261300 14, 31 0, L_0x5608b7283400; 1 drivers
v0x5608b7261300_15 .net v0x5608b7261300 15, 31 0, L_0x5608b72834d0; 1 drivers
v0x5608b7261300_16 .net v0x5608b7261300 16, 31 0, L_0x5608b72835a0; 1 drivers
v0x5608b7261300_17 .net v0x5608b7261300 17, 31 0, L_0x5608b7283670; 1 drivers
v0x5608b7261300_18 .net v0x5608b7261300 18, 31 0, L_0x5608b7283740; 1 drivers
v0x5608b7261300_19 .net v0x5608b7261300 19, 31 0, L_0x5608b7283810; 1 drivers
v0x5608b7261300_20 .net v0x5608b7261300 20, 31 0, L_0x5608b72838e0; 1 drivers
v0x5608b7261300_21 .net v0x5608b7261300 21, 31 0, L_0x5608b72839b0; 1 drivers
v0x5608b7261300_22 .net v0x5608b7261300 22, 31 0, L_0x5608b7283a80; 1 drivers
v0x5608b7261300_23 .net v0x5608b7261300 23, 31 0, L_0x5608b7283b50; 1 drivers
v0x5608b7261300_24 .net v0x5608b7261300 24, 31 0, L_0x5608b7283c20; 1 drivers
v0x5608b7261300_25 .net v0x5608b7261300 25, 31 0, L_0x5608b7283cf0; 1 drivers
v0x5608b7261300_26 .net v0x5608b7261300 26, 31 0, L_0x5608b7283dc0; 1 drivers
v0x5608b7261300_27 .net v0x5608b7261300 27, 31 0, L_0x5608b7283e90; 1 drivers
v0x5608b7261300_28 .net v0x5608b7261300 28, 31 0, L_0x5608b7283f60; 1 drivers
v0x5608b7261300_29 .net v0x5608b7261300 29, 31 0, L_0x5608b7284030; 1 drivers
v0x5608b7261300_30 .net v0x5608b7261300 30, 31 0, L_0x5608b7284100; 1 drivers
v0x5608b7261300_31 .net v0x5608b7261300 31, 31 0, L_0x5608b72841d0; 1 drivers
v0x5608b72604e0 .array "GPRs", 31 0, 31 0;
v0x5608b7279bf0_0 .net *"_ivl_0", 31 0, L_0x5608b72842a0;  1 drivers
v0x5608b7279cb0_0 .net *"_ivl_10", 6 0, L_0x5608b72846b0;  1 drivers
L_0x7f5a07493060 .functor BUFT 1, C4<00>, C4<0>, C4<0>, C4<0>;
v0x5608b7279d90_0 .net *"_ivl_13", 1 0, L_0x7f5a07493060;  1 drivers
v0x5608b7279ec0_0 .net *"_ivl_2", 6 0, L_0x5608b72843a0;  1 drivers
L_0x7f5a07493018 .functor BUFT 1, C4<00>, C4<0>, C4<0>, C4<0>;
v0x5608b7279fa0_0 .net *"_ivl_5", 1 0, L_0x7f5a07493018;  1 drivers
v0x5608b727a080_0 .net *"_ivl_8", 31 0, L_0x5608b7284610;  1 drivers
v0x5608b727a160_0 .net "busa", 31 0, L_0x5608b72844e0;  alias, 1 drivers
v0x5608b727a240_0 .net "busb", 31 0, L_0x5608b7284870;  alias, 1 drivers
v0x5608b727a320_0 .net "busw", 31 0, v0x5608b727aaa0_0;  1 drivers
v0x5608b727a400_0 .net "clk", 0 0, v0x5608b727ab40_0;  1 drivers
v0x5608b727a4c0_0 .net "ra", 4 0, v0x5608b727ad40_0;  1 drivers
v0x5608b727a5a0_0 .net "rb", 4 0, v0x5608b727ae00_0;  1 drivers
v0x5608b727a680_0 .net "rw", 4 0, v0x5608b727aea0_0;  1 drivers
v0x5608b727a760_0 .net "we", 0 0, v0x5608b727af40_0;  1 drivers
E_0x5608b7225600 .event negedge, v0x5608b727a400_0;
L_0x5608b72842a0 .array/port v0x5608b7261300, L_0x5608b72843a0;
L_0x5608b72843a0 .concat [ 5 2 0 0], v0x5608b727ad40_0, L_0x7f5a07493018;
L_0x5608b7284610 .array/port v0x5608b7261300, L_0x5608b72846b0;
L_0x5608b72846b0 .concat [ 5 2 0 0], v0x5608b727ae00_0, L_0x7f5a07493060;
S_0x5608b725d8f0 .scope generate, "genblk1[0]" "genblk1[0]" 3 36, 3 36 0, S_0x5608b725d190;
 .timescale -9 -12;
P_0x5608b725fa10 .param/l "i" 1 3 36, +C4<00>;
v0x5608b72604e0_0 .array/port v0x5608b72604e0, 0;
L_0x5608b7261270 .functor BUFZ 32, v0x5608b72604e0_0, C4<00000000000000000000000000000000>, C4<00000000000000000000000000000000>, C4<00000000000000000000000000000000>;
S_0x5608b725e050 .scope generate, "genblk1[1]" "genblk1[1]" 3 36, 3 36 0, S_0x5608b725d190;
 .timescale -9 -12;
P_0x5608b725e3f0 .param/l "i" 1 3 36, +C4<01>;
v0x5608b72604e0_1 .array/port v0x5608b72604e0, 1;
L_0x5608b7260450 .functor BUFZ 32, v0x5608b72604e0_1, C4<00000000000000000000000000000000>, C4<00000000000000000000000000000000>, C4<00000000000000000000000000000000>;
S_0x5608b725e7b0 .scope generate, "genblk1[2]" "genblk1[2]" 3 36, 3 36 0, S_0x5608b725d190;
 .timescale -9 -12;
P_0x5608b725cdd0 .param/l "i" 1 3 36, +C4<010>;
v0x5608b72604e0_2 .array/port v0x5608b72604e0, 2;
L_0x5608b7282a40 .functor BUFZ 32, v0x5608b72604e0_2, C4<00000000000000000000000000000000>, C4<00000000000000000000000000000000>, C4<00000000000000000000000000000000>;
S_0x5608b725ef10 .scope generate, "genblk1[3]" "genblk1[3]" 3 36, 3 36 0, S_0x5608b725d190;
 .timescale -9 -12;
P_0x5608b725b7b0 .param/l "i" 1 3 36, +C4<011>;
v0x5608b72604e0_3 .array/port v0x5608b72604e0, 3;
L_0x5608b7282b10 .functor BUFZ 32, v0x5608b72604e0_3, C4<00000000000000000000000000000000>, C4<00000000000000000000000000000000>, C4<00000000000000000000000000000000>;
S_0x5608b725f670 .scope generate, "genblk1[4]" "genblk1[4]" 3 36, 3 36 0, S_0x5608b725d190;
 .timescale -9 -12;
P_0x5608b7259a30 .param/l "i" 1 3 36, +C4<0100>;
v0x5608b72604e0_4 .array/port v0x5608b72604e0, 4;
L_0x5608b7282be0 .functor BUFZ 32, v0x5608b72604e0_4, C4<00000000000000000000000000000000>, C4<00000000000000000000000000000000>, C4<00000000000000000000000000000000>;
S_0x5608b725c2d0 .scope generate, "genblk1[5]" "genblk1[5]" 3 36, 3 36 0, S_0x5608b725d190;
 .timescale -9 -12;
P_0x5608b7258410 .param/l "i" 1 3 36, +C4<0101>;
v0x5608b72604e0_5 .array/port v0x5608b72604e0, 5;
L_0x5608b7282cb0 .functor BUFZ 32, v0x5608b72604e0_5, C4<00000000000000000000000000000000>, C4<00000000000000000000000000000000>, C4<00000000000000000000000000000000>;
S_0x5608b7258f30 .scope generate, "genblk1[6]" "genblk1[6]" 3 36, 3 36 0, S_0x5608b725d190;
 .timescale -9 -12;
P_0x5608b7256df0 .param/l "i" 1 3 36, +C4<0110>;
v0x5608b72604e0_6 .array/port v0x5608b72604e0, 6;
L_0x5608b7282d80 .functor BUFZ 32, v0x5608b72604e0_6, C4<00000000000000000000000000000000>, C4<00000000000000000000000000000000>, C4<00000000000000000000000000000000>;
S_0x5608b7259690 .scope generate, "genblk1[7]" "genblk1[7]" 3 36, 3 36 0, S_0x5608b725d190;
 .timescale -9 -12;
P_0x5608b72557d0 .param/l "i" 1 3 36, +C4<0111>;
v0x5608b72604e0_7 .array/port v0x5608b72604e0, 7;
L_0x5608b7282e50 .functor BUFZ 32, v0x5608b72604e0_7, C4<00000000000000000000000000000000>, C4<00000000000000000000000000000000>, C4<00000000000000000000000000000000>;
S_0x5608b7259df0 .scope generate, "genblk1[8]" "genblk1[8]" 3 36, 3 36 0, S_0x5608b725d190;
 .timescale -9 -12;
P_0x5608b725a190 .param/l "i" 1 3 36, +C4<01000>;
v0x5608b72604e0_8 .array/port v0x5608b72604e0, 8;
L_0x5608b7282f20 .functor BUFZ 32, v0x5608b72604e0_8, C4<00000000000000000000000000000000>, C4<00000000000000000000000000000000>, C4<00000000000000000000000000000000>;
S_0x5608b725a550 .scope generate, "genblk1[9]" "genblk1[9]" 3 36, 3 36 0, S_0x5608b725d190;
 .timescale -9 -12;
P_0x5608b72532f0 .param/l "i" 1 3 36, +C4<01001>;
v0x5608b72604e0_9 .array/port v0x5608b72604e0, 9;
L_0x5608b7282ff0 .functor BUFZ 32, v0x5608b72604e0_9, C4<00000000000000000000000000000000>, C4<00000000000000000000000000000000>, C4<00000000000000000000000000000000>;
S_0x5608b725acb0 .scope generate, "genblk1[10]" "genblk1[10]" 3 36, 3 36 0, S_0x5608b725d190;
 .timescale -9 -12;
P_0x5608b7251cd0 .param/l "i" 1 3 36, +C4<01010>;
v0x5608b72604e0_10 .array/port v0x5608b72604e0, 10;
L_0x5608b72830c0 .functor BUFZ 32, v0x5608b72604e0_10, C4<00000000000000000000000000000000>, C4<00000000000000000000000000000000>, C4<00000000000000000000000000000000>;
S_0x5608b725b410 .scope generate, "genblk1[11]" "genblk1[11]" 3 36, 3 36 0, S_0x5608b725d190;
 .timescale -9 -12;
P_0x5608b7248d70 .param/l "i" 1 3 36, +C4<01011>;
v0x5608b72604e0_11 .array/port v0x5608b72604e0, 11;
L_0x5608b7283190 .functor BUFZ 32, v0x5608b72604e0_11, C4<00000000000000000000000000000000>, C4<00000000000000000000000000000000>, C4<00000000000000000000000000000000>;
S_0x5608b725bb70 .scope generate, "genblk1[12]" "genblk1[12]" 3 36, 3 36 0, S_0x5608b725d190;
 .timescale -9 -12;
P_0x5608b7247750 .param/l "i" 1 3 36, +C4<01100>;
v0x5608b72604e0_12 .array/port v0x5608b72604e0, 12;
L_0x5608b7283260 .functor BUFZ 32, v0x5608b72604e0_12, C4<00000000000000000000000000000000>, C4<00000000000000000000000000000000>, C4<00000000000000000000000000000000>;
S_0x5608b72587d0 .scope generate, "genblk1[13]" "genblk1[13]" 3 36, 3 36 0, S_0x5608b725d190;
 .timescale -9 -12;
P_0x5608b7246130 .param/l "i" 1 3 36, +C4<01101>;
v0x5608b72604e0_13 .array/port v0x5608b72604e0, 13;
L_0x5608b7283330 .functor BUFZ 32, v0x5608b72604e0_13, C4<00000000000000000000000000000000>, C4<00000000000000000000000000000000>, C4<00000000000000000000000000000000>;
S_0x5608b7255430 .scope generate, "genblk1[14]" "genblk1[14]" 3 36, 3 36 0, S_0x5608b725d190;
 .timescale -9 -12;
P_0x5608b7244b10 .param/l "i" 1 3 36, +C4<01110>;
v0x5608b72604e0_14 .array/port v0x5608b72604e0, 14;
L_0x5608b7283400 .functor BUFZ 32, v0x5608b72604e0_14, C4<00000000000000000000000000000000>, C4<00000000000000000000000000000000>, C4<00000000000000000000000000000000>;
S_0x5608b7255b90 .scope generate, "genblk1[15]" "genblk1[15]" 3 36, 3 36 0, S_0x5608b725d190;
 .timescale -9 -12;
P_0x5608b72434f0 .param/l "i" 1 3 36, +C4<01111>;
v0x5608b72604e0_15 .array/port v0x5608b72604e0, 15;
L_0x5608b72834d0 .functor BUFZ 32, v0x5608b72604e0_15, C4<00000000000000000000000000000000>, C4<00000000000000000000000000000000>, C4<00000000000000000000000000000000>;
S_0x5608b72562f0 .scope generate, "genblk1[16]" "genblk1[16]" 3 36, 3 36 0, S_0x5608b725d190;
 .timescale -9 -12;
P_0x5608b7241ed0 .param/l "i" 1 3 36, +C4<010000>;
v0x5608b72604e0_16 .array/port v0x5608b72604e0, 16;
L_0x5608b72835a0 .functor BUFZ 32, v0x5608b72604e0_16, C4<00000000000000000000000000000000>, C4<00000000000000000000000000000000>, C4<00000000000000000000000000000000>;
S_0x5608b7256a50 .scope generate, "genblk1[17]" "genblk1[17]" 3 36, 3 36 0, S_0x5608b725d190;
 .timescale -9 -12;
P_0x5608b72408b0 .param/l "i" 1 3 36, +C4<010001>;
v0x5608b72604e0_17 .array/port v0x5608b72604e0, 17;
L_0x5608b7283670 .functor BUFZ 32, v0x5608b72604e0_17, C4<00000000000000000000000000000000>, C4<00000000000000000000000000000000>, C4<00000000000000000000000000000000>;
S_0x5608b72571b0 .scope generate, "genblk1[18]" "genblk1[18]" 3 36, 3 36 0, S_0x5608b725d190;
 .timescale -9 -12;
P_0x5608b723f290 .param/l "i" 1 3 36, +C4<010010>;
v0x5608b72604e0_18 .array/port v0x5608b72604e0, 18;
L_0x5608b7283740 .functor BUFZ 32, v0x5608b72604e0_18, C4<00000000000000000000000000000000>, C4<00000000000000000000000000000000>, C4<00000000000000000000000000000000>;
S_0x5608b7257910 .scope generate, "genblk1[19]" "genblk1[19]" 3 36, 3 36 0, S_0x5608b725d190;
 .timescale -9 -12;
P_0x5608b723dc70 .param/l "i" 1 3 36, +C4<010011>;
v0x5608b72604e0_19 .array/port v0x5608b72604e0, 19;
L_0x5608b7283810 .functor BUFZ 32, v0x5608b72604e0_19, C4<00000000000000000000000000000000>, C4<00000000000000000000000000000000>, C4<00000000000000000000000000000000>;
S_0x5608b7258070 .scope generate, "genblk1[20]" "genblk1[20]" 3 36, 3 36 0, S_0x5608b725d190;
 .timescale -9 -12;
P_0x5608b723c650 .param/l "i" 1 3 36, +C4<010100>;
v0x5608b72604e0_20 .array/port v0x5608b72604e0, 20;
L_0x5608b72838e0 .functor BUFZ 32, v0x5608b72604e0_20, C4<00000000000000000000000000000000>, C4<00000000000000000000000000000000>, C4<00000000000000000000000000000000>;
S_0x5608b7254cd0 .scope generate, "genblk1[21]" "genblk1[21]" 3 36, 3 36 0, S_0x5608b725d190;
 .timescale -9 -12;
P_0x5608b72310b0 .param/l "i" 1 3 36, +C4<010101>;
v0x5608b72604e0_21 .array/port v0x5608b72604e0, 21;
L_0x5608b72839b0 .functor BUFZ 32, v0x5608b72604e0_21, C4<00000000000000000000000000000000>, C4<00000000000000000000000000000000>, C4<00000000000000000000000000000000>;
S_0x5608b7251930 .scope generate, "genblk1[22]" "genblk1[22]" 3 36, 3 36 0, S_0x5608b725d190;
 .timescale -9 -12;
P_0x5608b7231540 .param/l "i" 1 3 36, +C4<010110>;
v0x5608b72604e0_22 .array/port v0x5608b72604e0, 22;
L_0x5608b7283a80 .functor BUFZ 32, v0x5608b72604e0_22, C4<00000000000000000000000000000000>, C4<00000000000000000000000000000000>, C4<00000000000000000000000000000000>;
S_0x5608b7252090 .scope generate, "genblk1[23]" "genblk1[23]" 3 36, 3 36 0, S_0x5608b725d190;
 .timescale -9 -12;
P_0x5608b72284f0 .param/l "i" 1 3 36, +C4<010111>;
v0x5608b72604e0_23 .array/port v0x5608b72604e0, 23;
L_0x5608b7283b50 .functor BUFZ 32, v0x5608b72604e0_23, C4<00000000000000000000000000000000>, C4<00000000000000000000000000000000>, C4<00000000000000000000000000000000>;
S_0x5608b72527f0 .scope generate, "genblk1[24]" "genblk1[24]" 3 36, 3 36 0, S_0x5608b725d190;
 .timescale -9 -12;
P_0x5608b72295a0 .param/l "i" 1 3 36, +C4<011000>;
v0x5608b72604e0_24 .array/port v0x5608b72604e0, 24;
L_0x5608b7283c20 .functor BUFZ 32, v0x5608b72604e0_24, C4<00000000000000000000000000000000>, C4<00000000000000000000000000000000>, C4<00000000000000000000000000000000>;
S_0x5608b7252f50 .scope generate, "genblk1[25]" "genblk1[25]" 3 36, 3 36 0, S_0x5608b725d190;
 .timescale -9 -12;
P_0x5608b7229190 .param/l "i" 1 3 36, +C4<011001>;
v0x5608b72604e0_25 .array/port v0x5608b72604e0, 25;
L_0x5608b7283cf0 .functor BUFZ 32, v0x5608b72604e0_25, C4<00000000000000000000000000000000>, C4<00000000000000000000000000000000>, C4<00000000000000000000000000000000>;
S_0x5608b72536b0 .scope generate, "genblk1[26]" "genblk1[26]" 3 36, 3 36 0, S_0x5608b725d190;
 .timescale -9 -12;
P_0x5608b7225f00 .param/l "i" 1 3 36, +C4<011010>;
v0x5608b72604e0_26 .array/port v0x5608b72604e0, 26;
L_0x5608b7283dc0 .functor BUFZ 32, v0x5608b72604e0_26, C4<00000000000000000000000000000000>, C4<00000000000000000000000000000000>, C4<00000000000000000000000000000000>;
S_0x5608b7253e10 .scope generate, "genblk1[27]" "genblk1[27]" 3 36, 3 36 0, S_0x5608b725d190;
 .timescale -9 -12;
P_0x5608b71ebea0 .param/l "i" 1 3 36, +C4<011011>;
v0x5608b72604e0_27 .array/port v0x5608b72604e0, 27;
L_0x5608b7283e90 .functor BUFZ 32, v0x5608b72604e0_27, C4<00000000000000000000000000000000>, C4<00000000000000000000000000000000>, C4<00000000000000000000000000000000>;
S_0x5608b7254570 .scope generate, "genblk1[28]" "genblk1[28]" 3 36, 3 36 0, S_0x5608b725d190;
 .timescale -9 -12;
P_0x5608b72247c0 .param/l "i" 1 3 36, +C4<011100>;
v0x5608b72604e0_28 .array/port v0x5608b72604e0, 28;
L_0x5608b7283f60 .functor BUFZ 32, v0x5608b72604e0_28, C4<00000000000000000000000000000000>, C4<00000000000000000000000000000000>, C4<00000000000000000000000000000000>;
S_0x5608b7249890 .scope generate, "genblk1[29]" "genblk1[29]" 3 36, 3 36 0, S_0x5608b725d190;
 .timescale -9 -12;
P_0x5608b7229060 .param/l "i" 1 3 36, +C4<011101>;
v0x5608b72604e0_29 .array/port v0x5608b72604e0, 29;
L_0x5608b7284030 .functor BUFZ 32, v0x5608b72604e0_29, C4<00000000000000000000000000000000>, C4<00000000000000000000000000000000>, C4<00000000000000000000000000000000>;
S_0x5608b72464f0 .scope generate, "genblk1[30]" "genblk1[30]" 3 36, 3 36 0, S_0x5608b725d190;
 .timescale -9 -12;
P_0x5608b723dea0 .param/l "i" 1 3 36, +C4<011110>;
v0x5608b72604e0_30 .array/port v0x5608b72604e0, 30;
L_0x5608b7284100 .functor BUFZ 32, v0x5608b72604e0_30, C4<00000000000000000000000000000000>, C4<00000000000000000000000000000000>, C4<00000000000000000000000000000000>;
S_0x5608b7246c50 .scope generate, "genblk1[31]" "genblk1[31]" 3 36, 3 36 0, S_0x5608b725d190;
 .timescale -9 -12;
P_0x5608b723e600 .param/l "i" 1 3 36, +C4<011111>;
v0x5608b72604e0_31 .array/port v0x5608b72604e0, 31;
L_0x5608b72841d0 .functor BUFZ 32, v0x5608b72604e0_31, C4<00000000000000000000000000000000>, C4<00000000000000000000000000000000>, C4<00000000000000000000000000000000>;
S_0x5608b725ca30 .scope module, "regfile_top" "regfile_top" 4 23;
 .timescale -9 -12;
    .port_info 0 /OUTPUT 8 "busa8";
    .port_info 1 /OUTPUT 8 "busb8";
    .port_info 2 /INPUT 4 "busw";
    .port_info 3 /INPUT 3 "ra";
    .port_info 4 /INPUT 3 "rb";
    .port_info 5 /INPUT 3 "rw";
    .port_info 6 /INPUT 2 "rd_hi";
    .port_info 7 /INPUT 1 "clk";
    .port_info 8 /INPUT 1 "we";
v0x5608b7281b80_0 .net "busa32", 31 0, L_0x5608b7286360;  1 drivers
o0x7f5a074de058 .functor BUFZ 8, C4<zzzzzzzz>; HiZ drive
v0x5608b7281c60_0 .net "busa8", 7 0, o0x7f5a074de058;  0 drivers
v0x5608b7281d20_0 .net "busb32", 31 0, L_0x5608b7286510;  1 drivers
o0x7f5a074de088 .functor BUFZ 8, C4<zzzzzzzz>; HiZ drive
v0x5608b7281e20_0 .net "busb8", 7 0, o0x7f5a074de088;  0 drivers
o0x7f5a074de0b8 .functor BUFZ 4, C4<zzzz>; HiZ drive
v0x5608b7281ee0_0 .net "busw", 3 0, o0x7f5a074de0b8;  0 drivers
o0x7f5a074dddb8 .functor BUFZ 32, C4<zzzzzzzzzzzzzzzzzzzzzzzzzzzzzzzz>; HiZ drive
v0x5608b7281fc0_0 .net "busw32", 31 0, o0x7f5a074dddb8;  0 drivers
o0x7f5a074ddde8 .functor BUFZ 1, C4<z>; HiZ drive
v0x5608b7282080_0 .net "clk", 0 0, o0x7f5a074ddde8;  0 drivers
o0x7f5a074de0e8 .functor BUFZ 3, C4<zzz>; HiZ drive
v0x5608b7282150_0 .net "ra", 2 0, o0x7f5a074de0e8;  0 drivers
o0x7f5a074dde18 .functor BUFZ 5, C4<zzzzz>; HiZ drive
v0x5608b72821f0_0 .net "ra32", 4 0, o0x7f5a074dde18;  0 drivers
o0x7f5a074de118 .functor BUFZ 3, C4<zzz>; HiZ drive
v0x5608b7282370_0 .net "rb", 2 0, o0x7f5a074de118;  0 drivers
o0x7f5a074dde48 .functor BUFZ 5, C4<zzzzz>; HiZ drive
v0x5608b7282430_0 .net "rb32", 4 0, o0x7f5a074dde48;  0 drivers
o0x7f5a074de148 .functor BUFZ 2, C4<zz>; HiZ drive
v0x5608b7282520_0 .net "rd_hi", 1 0, o0x7f5a074de148;  0 drivers
o0x7f5a074de178 .functor BUFZ 3, C4<zzz>; HiZ drive
v0x5608b72825e0_0 .net "rw", 2 0, o0x7f5a074de178;  0 drivers
o0x7f5a074dde78 .functor BUFZ 5, C4<zzzzz>; HiZ drive
v0x5608b72826c0_0 .net "rw32", 4 0, o0x7f5a074dde78;  0 drivers
o0x7f5a074ddea8 .functor BUFZ 1, C4<z>; HiZ drive
v0x5608b72827b0_0 .net "we", 0 0, o0x7f5a074ddea8;  0 drivers
S_0x5608b72473b0 .scope module, "regfile32_check" "regfile32" 4 41, 3 22 0, S_0x5608b725ca30;
 .timescale -9 -12;
    .port_info 0 /OUTPUT 32 "busa";
    .port_info 1 /OUTPUT 32 "busb";
    .port_info 2 /INPUT 32 "busw";
    .port_info 3 /INPUT 5 "ra";
    .port_info 4 /INPUT 5 "rb";
    .port_info 5 /INPUT 5 "rw";
    .port_info 6 /INPUT 1 "clk";
    .port_info 7 /INPUT 1 "we";
L_0x5608b7286360 .functor BUFZ 32, L_0x5608b7286260, C4<00000000000000000000000000000000>, C4<00000000000000000000000000000000>, C4<00000000000000000000000000000000>;
L_0x5608b7286510 .functor BUFZ 32, L_0x5608b7286470, C4<00000000000000000000000000000000>, C4<00000000000000000000000000000000>, C4<00000000000000000000000000000000>;
v0x5608b7280470 .array "GPR_OUTPUT", 31 0;
v0x5608b7280470_0 .net v0x5608b7280470 0, 31 0, L_0x5608b7284980; 1 drivers
v0x5608b7280470_1 .net v0x5608b7280470 1, 31 0, L_0x5608b72849f0; 1 drivers
v0x5608b7280470_2 .net v0x5608b7280470 2, 31 0, L_0x5608b7284a60; 1 drivers
v0x5608b7280470_3 .net v0x5608b7280470 3, 31 0, L_0x5608b7284ad0; 1 drivers
v0x5608b7280470_4 .net v0x5608b7280470 4, 31 0, L_0x5608b7284ba0; 1 drivers
v0x5608b7280470_5 .net v0x5608b7280470 5, 31 0, L_0x5608b7284c70; 1 drivers
v0x5608b7280470_6 .net v0x5608b7280470 6, 31 0, L_0x5608b7284d40; 1 drivers
v0x5608b7280470_7 .net v0x5608b7280470 7, 31 0, L_0x5608b7284e10; 1 drivers
v0x5608b7280470_8 .net v0x5608b7280470 8, 31 0, L_0x5608b7284ee0; 1 drivers
v0x5608b7280470_9 .net v0x5608b7280470 9, 31 0, L_0x5608b7284fb0; 1 drivers
v0x5608b7280470_10 .net v0x5608b7280470 10, 31 0, L_0x5608b7285080; 1 drivers
v0x5608b7280470_11 .net v0x5608b7280470 11, 31 0, L_0x5608b7285150; 1 drivers
v0x5608b7280470_12 .net v0x5608b7280470 12, 31 0, L_0x5608b7285220; 1 drivers
v0x5608b7280470_13 .net v0x5608b7280470 13, 31 0, L_0x5608b72852f0; 1 drivers
v0x5608b7280470_14 .net v0x5608b7280470 14, 31 0, L_0x5608b72853c0; 1 drivers
v0x5608b7280470_15 .net v0x5608b7280470 15, 31 0, L_0x5608b7285490; 1 drivers
v0x5608b7280470_16 .net v0x5608b7280470 16, 31 0, L_0x5608b7285560; 1 drivers
v0x5608b7280470_17 .net v0x5608b7280470 17, 31 0, L_0x5608b7285630; 1 drivers
v0x5608b7280470_18 .net v0x5608b7280470 18, 31 0, L_0x5608b7285700; 1 drivers
v0x5608b7280470_19 .net v0x5608b7280470 19, 31 0, L_0x5608b72857d0; 1 drivers
v0x5608b7280470_20 .net v0x5608b7280470 20, 31 0, L_0x5608b72858a0; 1 drivers
v0x5608b7280470_21 .net v0x5608b7280470 21, 31 0, L_0x5608b7285970; 1 drivers
v0x5608b7280470_22 .net v0x5608b7280470 22, 31 0, L_0x5608b7285a40; 1 drivers
v0x5608b7280470_23 .net v0x5608b7280470 23, 31 0, L_0x5608b7285b10; 1 drivers
v0x5608b7280470_24 .net v0x5608b7280470 24, 31 0, L_0x5608b7285be0; 1 drivers
v0x5608b7280470_25 .net v0x5608b7280470 25, 31 0, L_0x5608b7285cb0; 1 drivers
v0x5608b7280470_26 .net v0x5608b7280470 26, 31 0, L_0x5608b7285d80; 1 drivers
v0x5608b7280470_27 .net v0x5608b7280470 27, 31 0, L_0x5608b7285e50; 1 drivers
v0x5608b7280470_28 .net v0x5608b7280470 28, 31 0, L_0x5608b7285f20; 1 drivers
v0x5608b7280470_29 .net v0x5608b7280470 29, 31 0, L_0x5608b7285ff0; 1 drivers
v0x5608b7280470_30 .net v0x5608b7280470 30, 31 0, L_0x5608b72860c0; 1 drivers
v0x5608b7280470_31 .net v0x5608b7280470 31, 31 0, L_0x5608b7286190; 1 drivers
v0x5608b7280a40 .array "GPRs", 31 0, 31 0;
v0x5608b7281010_0 .net *"_ivl_0", 31 0, L_0x5608b7286260;  1 drivers
L_0x7f5a074930f0 .functor BUFT 1, C4<00zzzzz>, C4<0>, C4<0>, C4<0>;
v0x5608b72810d0_0 .net *"_ivl_10", 6 0, L_0x7f5a074930f0;  1 drivers
L_0x7f5a074930a8 .functor BUFT 1, C4<00zzzzz>, C4<0>, C4<0>, C4<0>;
v0x5608b72811b0_0 .net *"_ivl_2", 6 0, L_0x7f5a074930a8;  1 drivers
v0x5608b72812e0_0 .net *"_ivl_8", 31 0, L_0x5608b7286470;  1 drivers
v0x5608b72813c0_0 .net "busa", 31 0, L_0x5608b7286360;  alias, 1 drivers
v0x5608b72814a0_0 .net "busb", 31 0, L_0x5608b7286510;  alias, 1 drivers
v0x5608b7281580_0 .net "busw", 31 0, o0x7f5a074dddb8;  alias, 0 drivers
v0x5608b7281660_0 .net "clk", 0 0, o0x7f5a074ddde8;  alias, 0 drivers
v0x5608b7281720_0 .net "ra", 4 0, o0x7f5a074dde18;  alias, 0 drivers
v0x5608b7281800_0 .net "rb", 4 0, o0x7f5a074dde48;  alias, 0 drivers
v0x5608b72818e0_0 .net "rw", 4 0, o0x7f5a074dde78;  alias, 0 drivers
v0x5608b72819c0_0 .net "we", 0 0, o0x7f5a074ddea8;  alias, 0 drivers
E_0x5608b7226090 .event negedge, v0x5608b7281660_0;
L_0x5608b7286260 .array/port v0x5608b7280470, L_0x7f5a074930a8;
L_0x5608b7286470 .array/port v0x5608b7280470, L_0x7f5a074930f0;
S_0x5608b7247b10 .scope generate, "genblk1[0]" "genblk1[0]" 3 36, 3 36 0, S_0x5608b72473b0;
 .timescale -9 -12;
P_0x5608b727b1e0 .param/l "i" 1 3 36, +C4<00>;
v0x5608b7280a40_0 .array/port v0x5608b7280a40, 0;
L_0x5608b7284980 .functor BUFZ 32, v0x5608b7280a40_0, C4<00000000000000000000000000000000>, C4<00000000000000000000000000000000>, C4<00000000000000000000000000000000>;
S_0x5608b7248270 .scope generate, "genblk1[1]" "genblk1[1]" 3 36, 3 36 0, S_0x5608b72473b0;
 .timescale -9 -12;
P_0x5608b727b330 .param/l "i" 1 3 36, +C4<01>;
v0x5608b7280a40_1 .array/port v0x5608b7280a40, 1;
L_0x5608b72849f0 .functor BUFZ 32, v0x5608b7280a40_1, C4<00000000000000000000000000000000>, C4<00000000000000000000000000000000>, C4<00000000000000000000000000000000>;
S_0x5608b72489d0 .scope generate, "genblk1[2]" "genblk1[2]" 3 36, 3 36 0, S_0x5608b72473b0;
 .timescale -9 -12;
P_0x5608b727b470 .param/l "i" 1 3 36, +C4<010>;
v0x5608b7280a40_2 .array/port v0x5608b7280a40, 2;
L_0x5608b7284a60 .functor BUFZ 32, v0x5608b7280a40_2, C4<00000000000000000000000000000000>, C4<00000000000000000000000000000000>, C4<00000000000000000000000000000000>;
S_0x5608b7249130 .scope generate, "genblk1[3]" "genblk1[3]" 3 36, 3 36 0, S_0x5608b72473b0;
 .timescale -9 -12;
P_0x5608b727b580 .param/l "i" 1 3 36, +C4<011>;
v0x5608b7280a40_3 .array/port v0x5608b7280a40, 3;
L_0x5608b7284ad0 .functor BUFZ 32, v0x5608b7280a40_3, C4<00000000000000000000000000000000>, C4<00000000000000000000000000000000>, C4<00000000000000000000000000000000>;
S_0x5608b727b660 .scope generate, "genblk1[4]" "genblk1[4]" 3 36, 3 36 0, S_0x5608b72473b0;
 .timescale -9 -12;
P_0x5608b727b890 .param/l "i" 1 3 36, +C4<0100>;
v0x5608b7280a40_4 .array/port v0x5608b7280a40, 4;
L_0x5608b7284ba0 .functor BUFZ 32, v0x5608b7280a40_4, C4<00000000000000000000000000000000>, C4<00000000000000000000000000000000>, C4<00000000000000000000000000000000>;
S_0x5608b727b970 .scope generate, "genblk1[5]" "genblk1[5]" 3 36, 3 36 0, S_0x5608b72473b0;
 .timescale -9 -12;
P_0x5608b727bb50 .param/l "i" 1 3 36, +C4<0101>;
v0x5608b7280a40_5 .array/port v0x5608b7280a40, 5;
L_0x5608b7284c70 .functor BUFZ 32, v0x5608b7280a40_5, C4<00000000000000000000000000000000>, C4<00000000000000000000000000000000>, C4<00000000000000000000000000000000>;
S_0x5608b727bc30 .scope generate, "genblk1[6]" "genblk1[6]" 3 36, 3 36 0, S_0x5608b72473b0;
 .timescale -9 -12;
P_0x5608b727be10 .param/l "i" 1 3 36, +C4<0110>;
v0x5608b7280a40_6 .array/port v0x5608b7280a40, 6;
L_0x5608b7284d40 .functor BUFZ 32, v0x5608b7280a40_6, C4<00000000000000000000000000000000>, C4<00000000000000000000000000000000>, C4<00000000000000000000000000000000>;
S_0x5608b727bef0 .scope generate, "genblk1[7]" "genblk1[7]" 3 36, 3 36 0, S_0x5608b72473b0;
 .timescale -9 -12;
P_0x5608b727c0d0 .param/l "i" 1 3 36, +C4<0111>;
v0x5608b7280a40_7 .array/port v0x5608b7280a40, 7;
L_0x5608b7284e10 .functor BUFZ 32, v0x5608b7280a40_7, C4<00000000000000000000000000000000>, C4<00000000000000000000000000000000>, C4<00000000000000000000000000000000>;
S_0x5608b727c1b0 .scope generate, "genblk1[8]" "genblk1[8]" 3 36, 3 36 0, S_0x5608b72473b0;
 .timescale -9 -12;
P_0x5608b727b840 .param/l "i" 1 3 36, +C4<01000>;
v0x5608b7280a40_8 .array/port v0x5608b7280a40, 8;
L_0x5608b7284ee0 .functor BUFZ 32, v0x5608b7280a40_8, C4<00000000000000000000000000000000>, C4<00000000000000000000000000000000>, C4<00000000000000000000000000000000>;
S_0x5608b727c420 .scope generate, "genblk1[9]" "genblk1[9]" 3 36, 3 36 0, S_0x5608b72473b0;
 .timescale -9 -12;
P_0x5608b727c600 .param/l "i" 1 3 36, +C4<01001>;
v0x5608b7280a40_9 .array/port v0x5608b7280a40, 9;
L_0x5608b7284fb0 .functor BUFZ 32, v0x5608b7280a40_9, C4<00000000000000000000000000000000>, C4<00000000000000000000000000000000>, C4<00000000000000000000000000000000>;
S_0x5608b727c6e0 .scope generate, "genblk1[10]" "genblk1[10]" 3 36, 3 36 0, S_0x5608b72473b0;
 .timescale -9 -12;
P_0x5608b727c8c0 .param/l "i" 1 3 36, +C4<01010>;
v0x5608b7280a40_10 .array/port v0x5608b7280a40, 10;
L_0x5608b7285080 .functor BUFZ 32, v0x5608b7280a40_10, C4<00000000000000000000000000000000>, C4<00000000000000000000000000000000>, C4<00000000000000000000000000000000>;
S_0x5608b727c9a0 .scope generate, "genblk1[11]" "genblk1[11]" 3 36, 3 36 0, S_0x5608b72473b0;
 .timescale -9 -12;
P_0x5608b727cb80 .param/l "i" 1 3 36, +C4<01011>;
v0x5608b7280a40_11 .array/port v0x5608b7280a40, 11;
L_0x5608b7285150 .functor BUFZ 32, v0x5608b7280a40_11, C4<00000000000000000000000000000000>, C4<00000000000000000000000000000000>, C4<00000000000000000000000000000000>;
S_0x5608b727cc60 .scope generate, "genblk1[12]" "genblk1[12]" 3 36, 3 36 0, S_0x5608b72473b0;
 .timescale -9 -12;
P_0x5608b727ce40 .param/l "i" 1 3 36, +C4<01100>;
v0x5608b7280a40_12 .array/port v0x5608b7280a40, 12;
L_0x5608b7285220 .functor BUFZ 32, v0x5608b7280a40_12, C4<00000000000000000000000000000000>, C4<00000000000000000000000000000000>, C4<00000000000000000000000000000000>;
S_0x5608b727cf20 .scope generate, "genblk1[13]" "genblk1[13]" 3 36, 3 36 0, S_0x5608b72473b0;
 .timescale -9 -12;
P_0x5608b727d100 .param/l "i" 1 3 36, +C4<01101>;
v0x5608b7280a40_13 .array/port v0x5608b7280a40, 13;
L_0x5608b72852f0 .functor BUFZ 32, v0x5608b7280a40_13, C4<00000000000000000000000000000000>, C4<00000000000000000000000000000000>, C4<00000000000000000000000000000000>;
S_0x5608b727d1e0 .scope generate, "genblk1[14]" "genblk1[14]" 3 36, 3 36 0, S_0x5608b72473b0;
 .timescale -9 -12;
P_0x5608b727d3c0 .param/l "i" 1 3 36, +C4<01110>;
v0x5608b7280a40_14 .array/port v0x5608b7280a40, 14;
L_0x5608b72853c0 .functor BUFZ 32, v0x5608b7280a40_14, C4<00000000000000000000000000000000>, C4<00000000000000000000000000000000>, C4<00000000000000000000000000000000>;
S_0x5608b727d4a0 .scope generate, "genblk1[15]" "genblk1[15]" 3 36, 3 36 0, S_0x5608b72473b0;
 .timescale -9 -12;
P_0x5608b727d680 .param/l "i" 1 3 36, +C4<01111>;
v0x5608b7280a40_15 .array/port v0x5608b7280a40, 15;
L_0x5608b7285490 .functor BUFZ 32, v0x5608b7280a40_15, C4<00000000000000000000000000000000>, C4<00000000000000000000000000000000>, C4<00000000000000000000000000000000>;
S_0x5608b727d760 .scope generate, "genblk1[16]" "genblk1[16]" 3 36, 3 36 0, S_0x5608b72473b0;
 .timescale -9 -12;
P_0x5608b727da50 .param/l "i" 1 3 36, +C4<010000>;
v0x5608b7280a40_16 .array/port v0x5608b7280a40, 16;
L_0x5608b7285560 .functor BUFZ 32, v0x5608b7280a40_16, C4<00000000000000000000000000000000>, C4<00000000000000000000000000000000>, C4<00000000000000000000000000000000>;
S_0x5608b727db30 .scope generate, "genblk1[17]" "genblk1[17]" 3 36, 3 36 0, S_0x5608b72473b0;
 .timescale -9 -12;
P_0x5608b727dd10 .param/l "i" 1 3 36, +C4<010001>;
v0x5608b7280a40_17 .array/port v0x5608b7280a40, 17;
L_0x5608b7285630 .functor BUFZ 32, v0x5608b7280a40_17, C4<00000000000000000000000000000000>, C4<00000000000000000000000000000000>, C4<00000000000000000000000000000000>;
S_0x5608b727ddf0 .scope generate, "genblk1[18]" "genblk1[18]" 3 36, 3 36 0, S_0x5608b72473b0;
 .timescale -9 -12;
P_0x5608b727dfd0 .param/l "i" 1 3 36, +C4<010010>;
v0x5608b7280a40_18 .array/port v0x5608b7280a40, 18;
L_0x5608b7285700 .functor BUFZ 32, v0x5608b7280a40_18, C4<00000000000000000000000000000000>, C4<00000000000000000000000000000000>, C4<00000000000000000000000000000000>;
S_0x5608b727e0b0 .scope generate, "genblk1[19]" "genblk1[19]" 3 36, 3 36 0, S_0x5608b72473b0;
 .timescale -9 -12;
P_0x5608b727e290 .param/l "i" 1 3 36, +C4<010011>;
v0x5608b7280a40_19 .array/port v0x5608b7280a40, 19;
L_0x5608b72857d0 .functor BUFZ 32, v0x5608b7280a40_19, C4<00000000000000000000000000000000>, C4<00000000000000000000000000000000>, C4<00000000000000000000000000000000>;
S_0x5608b727e370 .scope generate, "genblk1[20]" "genblk1[20]" 3 36, 3 36 0, S_0x5608b72473b0;
 .timescale -9 -12;
P_0x5608b727e550 .param/l "i" 1 3 36, +C4<010100>;
v0x5608b7280a40_20 .array/port v0x5608b7280a40, 20;
L_0x5608b72858a0 .functor BUFZ 32, v0x5608b7280a40_20, C4<00000000000000000000000000000000>, C4<00000000000000000000000000000000>, C4<00000000000000000000000000000000>;
S_0x5608b727e630 .scope generate, "genblk1[21]" "genblk1[21]" 3 36, 3 36 0, S_0x5608b72473b0;
 .timescale -9 -12;
P_0x5608b727e810 .param/l "i" 1 3 36, +C4<010101>;
v0x5608b7280a40_21 .array/port v0x5608b7280a40, 21;
L_0x5608b7285970 .functor BUFZ 32, v0x5608b7280a40_21, C4<00000000000000000000000000000000>, C4<00000000000000000000000000000000>, C4<00000000000000000000000000000000>;
S_0x5608b727e8f0 .scope generate, "genblk1[22]" "genblk1[22]" 3 36, 3 36 0, S_0x5608b72473b0;
 .timescale -9 -12;
P_0x5608b727ead0 .param/l "i" 1 3 36, +C4<010110>;
v0x5608b7280a40_22 .array/port v0x5608b7280a40, 22;
L_0x5608b7285a40 .functor BUFZ 32, v0x5608b7280a40_22, C4<00000000000000000000000000000000>, C4<00000000000000000000000000000000>, C4<00000000000000000000000000000000>;
S_0x5608b727ebb0 .scope generate, "genblk1[23]" "genblk1[23]" 3 36, 3 36 0, S_0x5608b72473b0;
 .timescale -9 -12;
P_0x5608b727ed90 .param/l "i" 1 3 36, +C4<010111>;
v0x5608b7280a40_23 .array/port v0x5608b7280a40, 23;
L_0x5608b7285b10 .functor BUFZ 32, v0x5608b7280a40_23, C4<00000000000000000000000000000000>, C4<00000000000000000000000000000000>, C4<00000000000000000000000000000000>;
S_0x5608b727ee70 .scope generate, "genblk1[24]" "genblk1[24]" 3 36, 3 36 0, S_0x5608b72473b0;
 .timescale -9 -12;
P_0x5608b727f050 .param/l "i" 1 3 36, +C4<011000>;
v0x5608b7280a40_24 .array/port v0x5608b7280a40, 24;
L_0x5608b7285be0 .functor BUFZ 32, v0x5608b7280a40_24, C4<00000000000000000000000000000000>, C4<00000000000000000000000000000000>, C4<00000000000000000000000000000000>;
S_0x5608b727f130 .scope generate, "genblk1[25]" "genblk1[25]" 3 36, 3 36 0, S_0x5608b72473b0;
 .timescale -9 -12;
P_0x5608b727f310 .param/l "i" 1 3 36, +C4<011001>;
v0x5608b7280a40_25 .array/port v0x5608b7280a40, 25;
L_0x5608b7285cb0 .functor BUFZ 32, v0x5608b7280a40_25, C4<00000000000000000000000000000000>, C4<00000000000000000000000000000000>, C4<00000000000000000000000000000000>;
S_0x5608b727f3f0 .scope generate, "genblk1[26]" "genblk1[26]" 3 36, 3 36 0, S_0x5608b72473b0;
 .timescale -9 -12;
P_0x5608b727f5d0 .param/l "i" 1 3 36, +C4<011010>;
v0x5608b7280a40_26 .array/port v0x5608b7280a40, 26;
L_0x5608b7285d80 .functor BUFZ 32, v0x5608b7280a40_26, C4<00000000000000000000000000000000>, C4<00000000000000000000000000000000>, C4<00000000000000000000000000000000>;
S_0x5608b727f6b0 .scope generate, "genblk1[27]" "genblk1[27]" 3 36, 3 36 0, S_0x5608b72473b0;
 .timescale -9 -12;
P_0x5608b727f890 .param/l "i" 1 3 36, +C4<011011>;
v0x5608b7280a40_27 .array/port v0x5608b7280a40, 27;
L_0x5608b7285e50 .functor BUFZ 32, v0x5608b7280a40_27, C4<00000000000000000000000000000000>, C4<00000000000000000000000000000000>, C4<00000000000000000000000000000000>;
S_0x5608b727f970 .scope generate, "genblk1[28]" "genblk1[28]" 3 36, 3 36 0, S_0x5608b72473b0;
 .timescale -9 -12;
P_0x5608b727fb50 .param/l "i" 1 3 36, +C4<011100>;
v0x5608b7280a40_28 .array/port v0x5608b7280a40, 28;
L_0x5608b7285f20 .functor BUFZ 32, v0x5608b7280a40_28, C4<00000000000000000000000000000000>, C4<00000000000000000000000000000000>, C4<00000000000000000000000000000000>;
S_0x5608b727fc30 .scope generate, "genblk1[29]" "genblk1[29]" 3 36, 3 36 0, S_0x5608b72473b0;
 .timescale -9 -12;
P_0x5608b727fe10 .param/l "i" 1 3 36, +C4<011101>;
v0x5608b7280a40_29 .array/port v0x5608b7280a40, 29;
L_0x5608b7285ff0 .functor BUFZ 32, v0x5608b7280a40_29, C4<00000000000000000000000000000000>, C4<00000000000000000000000000000000>, C4<00000000000000000000000000000000>;
S_0x5608b727fef0 .scope generate, "genblk1[30]" "genblk1[30]" 3 36, 3 36 0, S_0x5608b72473b0;
 .timescale -9 -12;
P_0x5608b72800d0 .param/l "i" 1 3 36, +C4<011110>;
v0x5608b7280a40_30 .array/port v0x5608b7280a40, 30;
L_0x5608b72860c0 .functor BUFZ 32, v0x5608b7280a40_30, C4<00000000000000000000000000000000>, C4<00000000000000000000000000000000>, C4<00000000000000000000000000000000>;
S_0x5608b72801b0 .scope generate, "genblk1[31]" "genblk1[31]" 3 36, 3 36 0, S_0x5608b72473b0;
 .timescale -9 -12;
P_0x5608b7280390 .param/l "i" 1 3 36, +C4<011111>;
v0x5608b7280a40_31 .array/port v0x5608b7280a40, 31;
L_0x5608b7286190 .functor BUFZ 32, v0x5608b7280a40_31, C4<00000000000000000000000000000000>, C4<00000000000000000000000000000000>, C4<00000000000000000000000000000000>;
    .scope S_0x5608b725d190;
T_0 ;
    %wait E_0x5608b7225600;
    %load/vec4 v0x5608b727a760_0;
    %pad/u 32;
    %cmpi/e 1, 0, 32;
    %flag_mov 8, 4;
    %jmp/0 T_0.0, 8;
    %load/vec4 v0x5608b727a680_0;
    %pad/u 32;
    %cmpi/e 0, 0, 32;
    %flag_mov 9, 4;
    %jmp/0 T_0.2, 9;
    %pushi/vec4 0, 0, 32;
    %jmp/1 T_0.3, 9;
T_0.2 ; End of true expr.
    %load/vec4 v0x5608b727a320_0;
    %jmp/0 T_0.3, 9;
 ; End of false expr.
    %blend;
T_0.3;
    %jmp/1 T_0.1, 8;
T_0.0 ; End of true expr.
    %load/vec4 v0x5608b727a680_0;
    %pad/u 7;
    %ix/vec4 4;
    %load/vec4a v0x5608b72604e0, 4;
    %jmp/0 T_0.1, 8;
 ; End of false expr.
    %blend;
T_0.1;
    %load/vec4 v0x5608b727a680_0;
    %pad/u 7;
    %ix/vec4 3;
    %ix/load 4, 0, 0; Constant delay
    %assign/vec4/a/d v0x5608b72604e0, 0, 4;
    %jmp T_0;
    .thread T_0;
    .scope S_0x5608b725fdd0;
T_1 ;
    %delay 5000, 0;
    %load/vec4 v0x5608b727ab40_0;
    %inv;
    %store/vec4 v0x5608b727ab40_0, 0, 1;
    %jmp T_1;
    .thread T_1;
    .scope S_0x5608b725fdd0;
T_2 ;
    %vpi_call 2 34 "$dumpfile", "regfile32_tb.vcd" {0 0 0};
    %vpi_call 2 35 "$dumpvars", 32'sb00000000000000000000000000000000, S_0x5608b725fdd0 {0 0 0};
    %pushi/vec4 1, 0, 1;
    %store/vec4 v0x5608b727ab40_0, 0, 1;
    %pushi/vec4 0, 0, 32;
    %store/vec4 v0x5608b727abe0_0, 0, 32;
    %delay 10000, 0;
    %pushi/vec4 0, 0, 32;
    %store/vec4 v0x5608b727ac80_0, 0, 32;
T_2.0 ;
    %load/vec4 v0x5608b727ac80_0;
    %cmpi/s 31, 0, 32;
    %flag_or 5, 4;
    %jmp/0xz T_2.1, 5;
    %pushi/vec4 1, 0, 1;
    %store/vec4 v0x5608b727af40_0, 0, 1;
    %load/vec4 v0x5608b727ac80_0;
    %pad/s 5;
    %store/vec4 v0x5608b727aea0_0, 0, 5;
    %pushi/vec4 1, 0, 32;
    %load/vec4 v0x5608b727ac80_0;
    %ix/vec4 4;
    %shiftl 4;
    %store/vec4 v0x5608b727aaa0_0, 0, 32;
    %delay 10000, 0;
    %load/vec4 v0x5608b727ac80_0;
    %addi 1, 0, 32;
    %store/vec4 v0x5608b727ac80_0, 0, 32;
    %jmp T_2.0;
T_2.1 ;
    %pushi/vec4 0, 0, 32;
    %store/vec4 v0x5608b727ac80_0, 0, 32;
T_2.2 ;
    %load/vec4 v0x5608b727ac80_0;
    %cmpi/s 31, 0, 32;
    %flag_or 5, 4;
    %jmp/0xz T_2.3, 5;
    %pushi/vec4 0, 0, 1;
    %store/vec4 v0x5608b727af40_0, 0, 1;
    %load/vec4 v0x5608b727ac80_0;
    %pad/s 5;
    %store/vec4 v0x5608b727aea0_0, 0, 5;
    %pushi/vec4 4294967295, 0, 32;
    %store/vec4 v0x5608b727aaa0_0, 0, 32;
    %delay 10000, 0;
    %load/vec4 v0x5608b727ac80_0;
    %addi 1, 0, 32;
    %store/vec4 v0x5608b727ac80_0, 0, 32;
    %jmp T_2.2;
T_2.3 ;
    %pushi/vec4 0, 0, 32;
    %store/vec4 v0x5608b727ac80_0, 0, 32;
T_2.4 ;
    %load/vec4 v0x5608b727ac80_0;
    %cmpi/s 31, 0, 32;
    %flag_or 5, 4;
    %jmp/0xz T_2.5, 5;
    %load/vec4 v0x5608b727ac80_0;
    %pad/s 5;
    %store/vec4 v0x5608b727ad40_0, 0, 5;
    %load/vec4 v0x5608b727ac80_0;
    %pad/s 5;
    %store/vec4 v0x5608b727ae00_0, 0, 5;
    %delay 10000, 0;
    %load/vec4 v0x5608b727a920_0;
    %pushi/vec4 1, 0, 32;
    %load/vec4 v0x5608b727ac80_0;
    %ix/vec4 4;
    %shiftl 4;
    %cmp/ne;
    %jmp/0xz  T_2.6, 4;
    %pushi/vec4 1, 0, 32;
    %load/vec4 v0x5608b727ac80_0;
    %ix/vec4 4;
    %shiftl 4;
    %vpi_call 2 51 "$display", "Error: busa=%8h, 1<<i = %8h,i=%5b", v0x5608b727a920_0, S<0,vec4,s32>, v0x5608b727ac80_0 {1 0 0};
    %load/vec4 v0x5608b727abe0_0;
    %addi 1, 0, 32;
    %store/vec4 v0x5608b727abe0_0, 0, 32;
T_2.6 ;
    %load/vec4 v0x5608b727aa00_0;
    %pushi/vec4 1, 0, 32;
    %load/vec4 v0x5608b727ac80_0;
    %ix/vec4 4;
    %shiftl 4;
    %cmp/ne;
    %jmp/0xz  T_2.8, 4;
    %pushi/vec4 1, 0, 32;
    %load/vec4 v0x5608b727ac80_0;
    %ix/vec4 4;
    %shiftl 4;
    %vpi_call 2 55 "$display", "Error: busb=%8h, 1<<i = %8h,i=%5b", v0x5608b727aa00_0, S<0,vec4,s32>, v0x5608b727ac80_0 {1 0 0};
    %load/vec4 v0x5608b727abe0_0;
    %addi 1, 0, 32;
    %store/vec4 v0x5608b727abe0_0, 0, 32;
T_2.8 ;
    %load/vec4 v0x5608b727ac80_0;
    %addi 1, 0, 32;
    %store/vec4 v0x5608b727ac80_0, 0, 32;
    %jmp T_2.4;
T_2.5 ;
    %vpi_call 2 59 "$display", "Test done, %d errors\012", v0x5608b727abe0_0 {0 0 0};
    %vpi_call 2 60 "$stop", 32'sb00000000000000000000000000000001 {0 0 0};
    %end;
    .thread T_2;
    .scope S_0x5608b72473b0;
T_3 ;
    %wait E_0x5608b7226090;
    %load/vec4 v0x5608b72819c0_0;
    %pad/u 32;
    %cmpi/e 1, 0, 32;
    %flag_mov 8, 4;
    %jmp/0 T_3.0, 8;
    %load/vec4 v0x5608b72818e0_0;
    %pad/u 32;
    %cmpi/e 0, 0, 32;
    %flag_mov 9, 4;
    %jmp/0 T_3.2, 9;
    %pushi/vec4 0, 0, 32;
    %jmp/1 T_3.3, 9;
T_3.2 ; End of true expr.
    %load/vec4 v0x5608b7281580_0;
    %jmp/0 T_3.3, 9;
 ; End of false expr.
    %blend;
T_3.3;
    %jmp/1 T_3.1, 8;
T_3.0 ; End of true expr.
    %load/vec4 v0x5608b72818e0_0;
    %pad/u 7;
    %ix/vec4 4;
    %load/vec4a v0x5608b7280a40, 4;
    %jmp/0 T_3.1, 8;
 ; End of false expr.
    %blend;
T_3.1;
    %load/vec4 v0x5608b72818e0_0;
    %pad/u 7;
    %ix/vec4 3;
    %ix/load 4, 0, 0; Constant delay
    %assign/vec4/a/d v0x5608b7280a40, 0, 4;
    %jmp T_3;
    .thread T_3;
# The file index is used to find the file name in the following table.
:file_names 5;
    "N/A";
    "<interactive>";
    "./regfile32_tb.v";
    "./regfile32.v";
    "./regfile_top.v";
